[debug] [2025-08-19T14:33:31.777Z] ----------------------------------------------------------------------
[debug] [2025-08-19T14:33:31.779Z] Command:       C:\Program Files\nodejs\node.exe C:\Users\skyli\AppData\Roaming\npm\node_modules\firebase-tools\lib\bin\firebase.js init hosting
[debug] [2025-08-19T14:33:31.780Z] CLI Version:   14.12.0
[debug] [2025-08-19T14:33:31.780Z] Platform:      win32
[debug] [2025-08-19T14:33:31.780Z] Node Version:  v22.14.0
[debug] [2025-08-19T14:33:31.780Z] Time:          Tue Aug 19 2025 17:33:31 GMT+0300 (غرينتش+٠٣:٠٠)
[debug] [2025-08-19T14:33:31.780Z] ----------------------------------------------------------------------
[debug] 
[debug] [2025-08-19T14:33:31.958Z] > command requires scopes: ["email","openid","https://www.googleapis.com/auth/cloudplatformprojects.readonly","https://www.googleapis.com/auth/firebase","https://www.googleapis.com/auth/cloud-platform"]
[debug] [2025-08-19T14:33:31.959Z] > authorizing via signed-in user (sama.s.soft@gmail.com)
[info] 
     ######## #### ########  ######## ########     ###     ######  ########
     ##        ##  ##     ## ##       ##     ##  ##   ##  ##       ##
     ######    ##  ########  ######   ########  #########  ######  ######
     ##        ##  ##    ##  ##       ##     ## ##     ##       ## ##
     ##       #### ##     ## ######## ########  ##     ##  ######  ########

You're about to initialize a Firebase project in this directory:

  C:\Users\skyli\Documents\mayor-schedule

Before we get started, keep in mind:

  * You are initializing within an existing Firebase project directory

[info] 
=== Project Setup
[info] 
[info] First, let's associate this project directory with a Firebase project.
[info] You can create multiple project aliases by running firebase use --add, 
[info] but for now we'll just set up a default project.
[info] 
[debug] [2025-08-19T14:33:31.997Z] Using project from CLI flag: mayor-schedule
[debug] [2025-08-19T14:33:31.998Z] Checked if tokens are valid: false, expires at: 1755609229314
[debug] [2025-08-19T14:33:31.998Z] Checked if tokens are valid: false, expires at: 1755609229314
[debug] [2025-08-19T14:33:31.998Z] > refreshing access token with scopes: []
[debug] [2025-08-19T14:33:32.000Z] >>> [apiv2][query] POST https://www.googleapis.com/oauth2/v3/token [none]
[debug] [2025-08-19T14:33:32.000Z] >>> [apiv2][body] POST https://www.googleapis.com/oauth2/v3/token [omitted]
[debug] [2025-08-19T14:33:32.529Z] <<< [apiv2][status] POST https://www.googleapis.com/oauth2/v3/token 200
[debug] [2025-08-19T14:33:32.530Z] <<< [apiv2][body] POST https://www.googleapis.com/oauth2/v3/token [omitted]
[debug] [2025-08-19T14:33:32.550Z] >>> [apiv2][query] GET https://firebase.googleapis.com/v1beta1/projects/mayor-schedule [none]
[debug] [2025-08-19T14:33:33.258Z] <<< [apiv2][status] GET https://firebase.googleapis.com/v1beta1/projects/mayor-schedule 200
[debug] [2025-08-19T14:33:33.259Z] <<< [apiv2][body] GET https://firebase.googleapis.com/v1beta1/projects/mayor-schedule {"projectId":"mayor-schedule","projectNumber":"264727738578","displayName":"Mayor schedule","name":"projects/mayor-schedule","resources":{"hostingSite":"mayor-schedule"},"state":"ACTIVE","etag":"1_b9e8d08f-f184-4b27-9e83-eac480c7dd59"}
[info] i  Using project mayor-schedule (Mayor schedule) 
[info] 
=== Hosting Setup
[debug] [2025-08-19T14:33:33.707Z] Checked if tokens are valid: true, expires at: 1755617611530
[debug] [2025-08-19T14:33:33.708Z] Checked if tokens are valid: true, expires at: 1755617611530
[debug] [2025-08-19T14:33:33.708Z] >>> [apiv2][query] GET https://firebase.googleapis.com/v1beta1/projects/mayor-schedule [none]
[debug] [2025-08-19T14:33:34.037Z] <<< [apiv2][status] GET https://firebase.googleapis.com/v1beta1/projects/mayor-schedule 200
[debug] [2025-08-19T14:33:34.038Z] <<< [apiv2][body] GET https://firebase.googleapis.com/v1beta1/projects/mayor-schedule {"projectId":"mayor-schedule","projectNumber":"264727738578","displayName":"Mayor schedule","name":"projects/mayor-schedule","resources":{"hostingSite":"mayor-schedule"},"state":"ACTIVE","etag":"1_b9e8d08f-f184-4b27-9e83-eac480c7dd59"}
[info] 
[info] Your public directory is the folder (relative to your project directory) that
[info] will contain Hosting assets to be uploaded with firebase deploy. If you
[info] have a build process for your assets, use your build's output directory.
[info] 
